<?xml version="1.0" encoding="UTF-8"?>
<testng-results skipped="0" failed="0" total="1" passed="1">
  <reporter-output>
  </reporter-output>
  <suite name="Default suite" duration-ms="12484" started-at="2015-12-12T04:29:23Z" finished-at="2015-12-12T04:29:35Z">
    <groups>
    </groups>
    <test name="Default test" duration-ms="12484" started-at="2015-12-12T04:29:23Z" finished-at="2015-12-12T04:29:35Z">
      <class name="package1.Login">
        <test-method status="PASS" signature="test1()[pri:0, instance:package1.Login@452d4b9c]" name="test1" duration-ms="12450" started-at="2015-12-12T09:59:23Z" finished-at="2015-12-12T09:59:35Z">
          <reporter-output>
          </reporter-output>
        </test-method> <!-- test1 -->
      </class> <!-- package1.Login -->
    </test> <!-- Default test -->
  </suite> <!-- Default suite -->
</testng-results>
